[0.418s] Invoking command in '/home/kazim/construct_ws/build/nav2_behavior_tree': AMENT_PREFIX_PATH=/home/kazim/construct_ws/install/nav2_util:/home/kazim/construct_ws/install/nav2_msgs:/home/kazim/construct_ws/install/nav2_common:${AMENT_PREFIX_PATH} CMAKE_PREFIX_PATH=/home/kazim/construct_ws/install/nav2_util:/home/kazim/construct_ws/install/nav2_msgs:/home/kazim/construct_ws/install/nav2_common:/home/kazim/turtlebot4_ws/install/turtlebot4_simulator:/home/kazim/turtlebot4_ws/install/turtlebot4_ignition_bringup:/home/kazim/turtlebot4_ws/install/turtlebot4_desktop:/home/kazim/turtlebot4_ws/install/turtlebot4_viz:/home/kazim/turtlebot4_ws/install/turtlebot4_tutorials:/home/kazim/turtlebot4_ws/install/turtlebot4_robot:/home/kazim/turtlebot4_ws/install/turtlebot4_bringup:/home/kazim/turtlebot4_ws/install/turtlebot4_base:/home/kazim/turtlebot4_ws/install/turtlebot4_node:/home/kazim/turtlebot4_ws/install/turtlebot4_navigation:/home/kazim/turtlebot4_ws/install/turtlebot4_ignition_toolbox:/home/kazim/turtlebot4_ws/install/turtlebot4_msgs:/home/kazim/turtlebot4_ws/install/turtlebot4_description:/home/kazim/turtlebot4_ws/install/turtlebot4_cpp_tutorials:/home/kazim/turtlebot4_ws/install/turtlebot4_tests:/home/kazim/turtlebot4_ws/install/turtlebot4_python_tutorials:/home/kazim/turtlebot4_ws/install/turtlebot4_openai_tutorials:/home/kazim/turtlebot4_ws/install/turtlebot4_diagnostics:/opt/ros/humble LD_LIBRARY_PATH=/home/kazim/construct_ws/install/nav2_util/lib:/home/kazim/construct_ws/install/nav2_msgs/lib:/home/kazim/turtlebot4_ws/install/turtlebot4_msgs/lib:/usr/lib/x86_64-linux-gnu/gazebo-11/plugins:/opt/ros/humble/opt/rviz_ogre_vendor/lib:/opt/ros/humble/lib/x86_64-linux-gnu:/opt/ros/humble/lib:/home/kazim/kazim_MPC/acados/lib PYTHONPATH=/home/kazim/construct_ws/install/nav2_msgs/local/lib/python3.10/dist-packages:/home/kazim/construct_ws/install/nav2_common/local/lib/python3.10/dist-packages:${PYTHONPATH} /home/kazim/.local/bin/cmake --build /home/kazim/construct_ws/build/nav2_behavior_tree -- -j16 -l16
[0.495s] [  1%] Built target nav2_compute_path_to_pose_action_bt_node
[0.495s] [  2%] Built target nav2_behavior_tree
[0.495s] [  3%] Built target nav2_compute_path_through_poses_action_bt_node
[0.500s] [  4%] Built target nav2_back_up_cancel_bt_node
[0.500s] [  5%] Built target nav2_spin_cancel_bt_node
[0.500s] [  6%] Built target nav2_controller_cancel_bt_node
[0.501s] [  7%] Built target nav2_assisted_teleop_cancel_bt_node
[0.501s] [  8%] Built target nav2_back_up_action_bt_node
[0.502s] [  9%] Built target nav2_smooth_path_action_bt_node
[0.504s] [ 10%] Built target nav2_wait_cancel_bt_node
[0.504s] [ 11%] Built target nav2_spin_action_bt_node
[0.504s] [ 12%] Built target nav2_assisted_teleop_action_bt_node
[0.506s] [ 13%] Built target nav2_drive_on_heading_cancel_bt_node
[0.507s] [ 14%] Built target nav2_drive_on_heading_bt_node
[0.508s] [ 15%] Built target nav2_follow_path_action_bt_node
[0.512s] [ 16%] Built target nav2_wait_action_bt_node
[0.523s] [ 17%] [32mBuilding CXX object CMakeFiles/nav2_is_stuck_condition_bt_node.dir/plugins/condition/is_stuck_condition.cpp.o[0m
[0.543s] [ 18%] [32mBuilding CXX object CMakeFiles/nav2_is_battery_charging_condition_bt_node.dir/plugins/condition/is_battery_charging_condition.cpp.o[0m
[0.544s] [ 19%] Built target nav2_clear_costmap_service_bt_node
[0.546s] [ 20%] [32mBuilding CXX object CMakeFiles/nav2_is_battery_low_condition_bt_node.dir/plugins/condition/is_battery_low_condition.cpp.o[0m
[0.550s] [ 21%] Built target nav2_globally_updated_goal_condition_bt_node
[0.550s] [ 22%] Built target nav2_goal_updated_condition_bt_node
[0.550s] [ 23%] Built target nav2_is_path_valid_condition_bt_node
[0.551s] [ 24%] Built target nav2_initial_pose_received_condition_bt_node
[0.551s] [ 25%] Built target nav2_goal_reached_condition_bt_node
[0.551s] [ 26%] Built target nav2_transform_available_condition_bt_node
[0.551s] [ 27%] Built target nav2_distance_traveled_condition_bt_node
[0.553s] [ 28%] Built target nav2_reinitialize_global_localization_service_bt_node
[0.554s] [ 29%] Built target nav2_time_expired_condition_bt_node
[0.554s] [ 30%] Built target nav2_rate_controller_bt_node
[0.554s] [ 31%] Built target nav2_path_expiring_timer_condition
[0.556s] [ 32%] Built target nav2_distance_controller_bt_node
[0.569s] [ 33%] [32mBuilding CXX object CMakeFiles/nav2_goal_updater_node_bt_node.dir/plugins/decorator/goal_updater_node.cpp.o[0m
[0.569s] [ 34%] [32mBuilding CXX object CMakeFiles/nav2_truncate_path_local_action_bt_node.dir/plugins/action/truncate_path_local_action.cpp.o[0m
[0.572s] [ 35%] [32mBuilding CXX object CMakeFiles/nav2_remove_passed_goals_action_bt_node.dir/plugins/action/remove_passed_goals_action.cpp.o[0m
[0.574s] [ 36%] [32mBuilding CXX object CMakeFiles/nav2_navigate_to_pose_action_bt_node.dir/plugins/action/navigate_to_pose_action.cpp.o[0m
[0.575s] [ 37%] [32mBuilding CXX object CMakeFiles/nav2_path_longer_on_approach_bt_node.dir/plugins/decorator/path_longer_on_approach.cpp.o[0m
[0.575s] [ 38%] [32mBuilding CXX object CMakeFiles/nav2_navigate_through_poses_action_bt_node.dir/plugins/action/navigate_through_poses_action.cpp.o[0m
[0.585s] [ 39%] [32mBuilding CXX object CMakeFiles/nav2_truncate_path_action_bt_node.dir/plugins/action/truncate_path_action.cpp.o[0m
[0.586s] [ 40%] [32mBuilding CXX object CMakeFiles/nav2_round_robin_node_bt_node.dir/plugins/control/round_robin_node.cpp.o[0m
[0.590s] [ 41%] Built target nav2_recovery_node_bt_node
[0.590s] [ 42%] [32mBuilding CXX object CMakeFiles/nav2_planner_selector_bt_node.dir/plugins/action/planner_selector_node.cpp.o[0m
[0.630s] [ 43%] Built target nav2_pipeline_sequence_bt_node
[0.630s] [ 44%] Built target nav2_speed_controller_bt_node
[0.630s] [ 45%] [32mBuilding CXX object CMakeFiles/nav2_single_trigger_bt_node.dir/plugins/decorator/single_trigger_node.cpp.o[0m
[0.652s] [ 46%] [32mBuilding CXX object CMakeFiles/nav2_controller_selector_bt_node.dir/plugins/action/controller_selector_node.cpp.o[0m
[0.724s] [ 47%] [32mBuilding CXX object CMakeFiles/nav2_smoother_selector_bt_node.dir/plugins/action/smoother_selector_node.cpp.o[0m
[0.750s] [ 48%] [32mBuilding CXX object CMakeFiles/nav2_goal_checker_selector_bt_node.dir/plugins/action/goal_checker_selector_node.cpp.o[0m
[3.238s] [ 48%] [32m[1mLinking CXX shared library libnav2_single_trigger_bt_node.so[0m
[3.500s] [ 48%] [32m[1mLinking CXX shared library libnav2_round_robin_node_bt_node.so[0m
[3.770s] [ 48%] Built target nav2_round_robin_node_bt_node
[3.798s] [ 48%] Built target nav2_single_trigger_bt_node
[3.861s] [ 49%] [32mBuilding CXX object gtest/CMakeFiles/gtest_main.dir/src/gtest_main.cc.o[0m
[3.872s] [ 50%] [32mBuilding CXX object CMakeFiles/nav2_goal_updated_controller_bt_node.dir/plugins/decorator/goal_updated_controller.cpp.o[0m
[5.757s] [ 50%] [32m[1mLinking CXX static library libgtest_main.a[0m
[6.092s] [ 50%] Built target gtest_main
[6.166s] [ 50%] [32mBuilding CXX object gtest/CMakeFiles/gtest.dir/src/gtest-all.cc.o[0m
[482.200s] [01m[Kc++:[m[K [01;31m[Kfatal error: [m[KKilled signal terminated program cc1plus
[482.205s] compilation terminated.
[482.205s] gmake[2]: *** [CMakeFiles/nav2_is_battery_low_condition_bt_node.dir/build.make:76: CMakeFiles/nav2_is_battery_low_condition_bt_node.dir/plugins/condition/is_battery_low_condition.cpp.o] Error 1
[482.211s] gmake[1]: *** [CMakeFiles/Makefile2:1158: CMakeFiles/nav2_is_battery_low_condition_bt_node.dir/all] Error 2
[482.211s] gmake[1]: *** Waiting for unfinished jobs....
