[0.451s] Invoking command in '/home/kazim/construct_ws/build/nav2_costmap_2d': AMENT_PREFIX_PATH=/home/kazim/construct_ws/install/nav2_map_server:/home/kazim/construct_ws/install/nav2_lifecycle_manager:/home/kazim/construct_ws/install/nav2_util:/home/kazim/construct_ws/install/nav2_voxel_grid:/home/kazim/construct_ws/install/nav2_msgs:/home/kazim/construct_ws/install/nav2_common:${AMENT_PREFIX_PATH} CMAKE_PREFIX_PATH=/home/kazim/construct_ws/install/nav2_map_server:/home/kazim/construct_ws/install/nav2_lifecycle_manager:/home/kazim/construct_ws/install/nav2_util:/home/kazim/construct_ws/install/nav2_voxel_grid:/home/kazim/construct_ws/install/nav2_msgs:/home/kazim/construct_ws/install/nav2_common:/home/kazim/turtlebot4_ws/install/turtlebot4_simulator:/home/kazim/turtlebot4_ws/install/turtlebot4_ignition_bringup:/home/kazim/turtlebot4_ws/install/turtlebot4_desktop:/home/kazim/turtlebot4_ws/install/turtlebot4_viz:/home/kazim/turtlebot4_ws/install/turtlebot4_tutorials:/home/kazim/turtlebot4_ws/install/turtlebot4_robot:/home/kazim/turtlebot4_ws/install/turtlebot4_bringup:/home/kazim/turtlebot4_ws/install/turtlebot4_base:/home/kazim/turtlebot4_ws/install/turtlebot4_node:/home/kazim/turtlebot4_ws/install/turtlebot4_navigation:/home/kazim/turtlebot4_ws/install/turtlebot4_ignition_toolbox:/home/kazim/turtlebot4_ws/install/turtlebot4_msgs:/home/kazim/turtlebot4_ws/install/turtlebot4_description:/home/kazim/turtlebot4_ws/install/turtlebot4_cpp_tutorials:/home/kazim/turtlebot4_ws/install/turtlebot4_tests:/home/kazim/turtlebot4_ws/install/turtlebot4_python_tutorials:/home/kazim/turtlebot4_ws/install/turtlebot4_openai_tutorials:/home/kazim/turtlebot4_ws/install/turtlebot4_diagnostics:/opt/ros/humble LD_LIBRARY_PATH=/home/kazim/construct_ws/install/nav2_map_server/lib:/home/kazim/construct_ws/install/nav2_lifecycle_manager/lib:/home/kazim/construct_ws/install/nav2_util/lib:/home/kazim/construct_ws/install/nav2_voxel_grid/lib:/home/kazim/construct_ws/install/nav2_msgs/lib:/home/kazim/turtlebot4_ws/install/turtlebot4_msgs/lib:/usr/lib/x86_64-linux-gnu/gazebo-11/plugins:/opt/ros/humble/opt/rviz_ogre_vendor/lib:/opt/ros/humble/lib/x86_64-linux-gnu:/opt/ros/humble/lib:/home/kazim/kazim_MPC/acados/lib PYTHONPATH=/home/kazim/construct_ws/install/nav2_msgs/local/lib/python3.10/dist-packages:/home/kazim/construct_ws/install/nav2_common/local/lib/python3.10/dist-packages:${PYTHONPATH} /home/kazim/.local/bin/cmake --build /home/kazim/construct_ws/build/nav2_costmap_2d -- -j16 -l16
[0.816s] [  2%] Built target gtest_main
[0.833s] [  4%] Built target gtest
[0.853s] [  7%] Built target order_layer
[0.869s] [ 24%] Built target nav2_costmap_2d_core
[0.980s] [ 25%] [32mBuilding CXX object CMakeFiles/layers.dir/plugins/inflation_layer.cpp.o[0m
[0.992s] [ 26%] [32mBuilding CXX object CMakeFiles/layers.dir/plugins/static_layer.cpp.o[0m
[1.000s] [ 28%] [32mBuilding CXX object CMakeFiles/filters.dir/plugins/costmap_filters/keepout_filter.cpp.o[0m
[1.012s] [ 29%] [32mBuilding CXX object CMakeFiles/layers.dir/plugins/obstacle_layer.cpp.o[0m
[1.024s] [ 30%] [32mBuilding CXX object CMakeFiles/filters.dir/plugins/costmap_filters/speed_filter.cpp.o[0m
[1.038s] [ 31%] [32mBuilding CXX object CMakeFiles/layers.dir/src/observation_buffer.cpp.o[0m
[1.044s] [ 32%] [32mBuilding CXX object CMakeFiles/nav2_costmap_2d_markers.dir/src/costmap_2d_markers.cpp.o[0m
[1.051s] [ 35%] [32mBuilding CXX object CMakeFiles/layers.dir/plugins/voxel_layer.cpp.o[0m
[1.052s] [ 35%] [32mBuilding CXX object CMakeFiles/nav2_costmap_2d_client.dir/src/footprint_subscriber.cpp.o[0m
[1.054s] [ 36%] [32mBuilding CXX object CMakeFiles/nav2_costmap_2d_client.dir/src/costmap_subscriber.cpp.o[0m
[1.065s] [ 37%] [32mBuilding CXX object CMakeFiles/nav2_costmap_2d_client.dir/src/costmap_topic_collision_checker.cpp.o[0m
[1.085s] [ 39%] [32mBuilding CXX object CMakeFiles/nav2_costmap_2d_cloud.dir/src/costmap_2d_cloud.cpp.o[0m
[1.087s] [ 40%] [32mBuilding CXX object CMakeFiles/filters.dir/plugins/costmap_filters/binary_filter.cpp.o[0m
[1.124s] [ 41%] [32mBuilding CXX object test/unit/CMakeFiles/collision_footprint_test.dir/footprint_collision_checker_test.cpp.o[0m
[1.127s] [ 43%] Built target array_parser_test
[1.197s] [ 45%] [32mBuilding CXX object test/unit/CMakeFiles/costmap_convesion_test.dir/costmap_conversion_test.cpp.o[0m
[1.257s] [ 46%] [32mBuilding CXX object test/unit/CMakeFiles/declare_parameter_test.dir/declare_parameter_test.cpp.o[0m
[8.577s] [ 47%] [32m[1mLinking CXX executable declare_parameter_test[0m
[9.490s] [ 47%] Built target declare_parameter_test
[9.525s] [ 48%] [32mBuilding CXX object CMakeFiles/layers.dir/plugins/range_sensor_layer.cpp.o[0m
[13.803s] [ 50%] [32mBuilding CXX object CMakeFiles/layers.dir/plugins/denoise_layer.cpp.o[0m
[14.450s] [ 51%] [32m[1mLinking CXX executable costmap_convesion_test[0m
[14.736s] [ 52%] [32mBuilding CXX object test/unit/CMakeFiles/costmap_filter_test.dir/costmap_filter_test.cpp.o[0m
[15.632s] [ 52%] Built target costmap_convesion_test
[15.772s] [ 53%] [32mBuilding CXX object test/unit/CMakeFiles/copy_window_test.dir/copy_window_test.cpp.o[0m
[20.024s] [ 54%] [32m[1mLinking CXX executable collision_footprint_test[0m
[21.393s] [ 54%] Built target collision_footprint_test
[21.577s] [ 56%] [32mBuilding CXX object test/unit/CMakeFiles/costmap_filter_service_test.dir/costmap_filter_service_test.cpp.o[0m
[23.337s] [ 57%] [32mBuilding CXX object test/integration/CMakeFiles/dyn_params_tests.dir/dyn_params_tests.cpp.o[0m
[23.340s] [ 58%] [32m[1mLinking CXX executable copy_window_test[0m
[24.117s] [ 58%] Built target copy_window_test
[24.268s] [ 59%] [32mBuilding CXX object test/regression/CMakeFiles/costmap_bresenham_2d.dir/costmap_bresenham_2d.cpp.o[0m
[76.229s] [01m[Kc++:[m[K [01;31m[Kfatal error: [m[KKilled signal terminated program cc1plus
[76.235s] compilation terminated.
[76.235s] gmake[2]: *** [CMakeFiles/layers.dir/build.make:90: CMakeFiles/layers.dir/plugins/static_layer.cpp.o] Error 1
[76.236s] gmake[2]: *** Waiting for unfinished jobs....
[79.589s] [ 60%] [32m[1mLinking CXX executable costmap_filter_test[0m
[79.880s] [ 62%] [32m[1mLinking CXX executable costmap_bresenham_2d[0m
[80.793s] [ 62%] Built target costmap_bresenham_2d
[80.897s] [ 62%] Built target costmap_filter_test
[83.135s] [ 63%] [32m[1mLinking CXX executable nav2_costmap_2d_markers[0m
[84.009s] [ 63%] Built target nav2_costmap_2d_markers
[87.881s] [ 64%] [32m[1mLinking CXX executable costmap_filter_service_test[0m
[87.919s] [ 65%] [32m[1mLinking CXX shared library libnav2_costmap_2d_client.so[0m
[88.206s] [ 67%] [32m[1mLinking CXX executable nav2_costmap_2d_cloud[0m
[88.361s] [ 67%] Built target costmap_filter_service_test
[88.606s] [ 67%] Built target nav2_costmap_2d_client
[88.611s] [ 67%] Built target nav2_costmap_2d_cloud
[90.998s] [ 68%] [32m[1mLinking CXX executable dyn_params_tests[0m
[91.253s] [ 68%] Built target dyn_params_tests
[91.839s] [ 69%] [32m[1mLinking CXX shared library libfilters.so[0m
[92.158s] [ 69%] Built target filters
[94.027s] gmake[1]: *** [CMakeFiles/Makefile2:295: CMakeFiles/layers.dir/all] Error 2
[94.030s] gmake: *** [Makefile:146: all] Error 2
[94.163s] Invoked command in '/home/kazim/construct_ws/build/nav2_costmap_2d' returned '2': AMENT_PREFIX_PATH=/home/kazim/construct_ws/install/nav2_map_server:/home/kazim/construct_ws/install/nav2_lifecycle_manager:/home/kazim/construct_ws/install/nav2_util:/home/kazim/construct_ws/install/nav2_voxel_grid:/home/kazim/construct_ws/install/nav2_msgs:/home/kazim/construct_ws/install/nav2_common:${AMENT_PREFIX_PATH} CMAKE_PREFIX_PATH=/home/kazim/construct_ws/install/nav2_map_server:/home/kazim/construct_ws/install/nav2_lifecycle_manager:/home/kazim/construct_ws/install/nav2_util:/home/kazim/construct_ws/install/nav2_voxel_grid:/home/kazim/construct_ws/install/nav2_msgs:/home/kazim/construct_ws/install/nav2_common:/home/kazim/turtlebot4_ws/install/turtlebot4_simulator:/home/kazim/turtlebot4_ws/install/turtlebot4_ignition_bringup:/home/kazim/turtlebot4_ws/install/turtlebot4_desktop:/home/kazim/turtlebot4_ws/install/turtlebot4_viz:/home/kazim/turtlebot4_ws/install/turtlebot4_tutorials:/home/kazim/turtlebot4_ws/install/turtlebot4_robot:/home/kazim/turtlebot4_ws/install/turtlebot4_bringup:/home/kazim/turtlebot4_ws/install/turtlebot4_base:/home/kazim/turtlebot4_ws/install/turtlebot4_node:/home/kazim/turtlebot4_ws/install/turtlebot4_navigation:/home/kazim/turtlebot4_ws/install/turtlebot4_ignition_toolbox:/home/kazim/turtlebot4_ws/install/turtlebot4_msgs:/home/kazim/turtlebot4_ws/install/turtlebot4_description:/home/kazim/turtlebot4_ws/install/turtlebot4_cpp_tutorials:/home/kazim/turtlebot4_ws/install/turtlebot4_tests:/home/kazim/turtlebot4_ws/install/turtlebot4_python_tutorials:/home/kazim/turtlebot4_ws/install/turtlebot4_openai_tutorials:/home/kazim/turtlebot4_ws/install/turtlebot4_diagnostics:/opt/ros/humble LD_LIBRARY_PATH=/home/kazim/construct_ws/install/nav2_map_server/lib:/home/kazim/construct_ws/install/nav2_lifecycle_manager/lib:/home/kazim/construct_ws/install/nav2_util/lib:/home/kazim/construct_ws/install/nav2_voxel_grid/lib:/home/kazim/construct_ws/install/nav2_msgs/lib:/home/kazim/turtlebot4_ws/install/turtlebot4_msgs/lib:/usr/lib/x86_64-linux-gnu/gazebo-11/plugins:/opt/ros/humble/opt/rviz_ogre_vendor/lib:/opt/ros/humble/lib/x86_64-linux-gnu:/opt/ros/humble/lib:/home/kazim/kazim_MPC/acados/lib PYTHONPATH=/home/kazim/construct_ws/install/nav2_msgs/local/lib/python3.10/dist-packages:/home/kazim/construct_ws/install/nav2_common/local/lib/python3.10/dist-packages:${PYTHONPATH} /home/kazim/.local/bin/cmake --build /home/kazim/construct_ws/build/nav2_costmap_2d -- -j16 -l16
